<?xml version="1.0" encoding="UTF-8"?>
<!-- Generated by org.testng.reporters.JUnitReportReporter -->
<testsuite hostname="LAPTOP-4FQQCFFD" failures="0" tests="1" name="firstTest" time="9.502" errors="0" timestamp="04 Feb 2018 12:29:13 GMT" skipped="0">
  <testcase classname="firstTest" name="verifyGooglePage" time="9.502"/>
</testsuite> <!-- firstTest -->
