<?xml version="1.0" encoding="UTF-8"?>
<!-- Generated by org.testng.reporters.JUnitReportReporter -->
<testsuite hostname="LAPTOP-4FQQCFFD" failures="0" tests="1" name="firstTest" time="8.597" errors="0" timestamp="20 Feb 2018 21:27:32 GMT" skipped="0">
  <testcase classname="firstTest" name="verifyGooglePage" time="8.597"/>
</testsuite> <!-- firstTest -->
